Analysis & Elaboration report for filtros_clasicos
Wed Nov  6 23:21:03 2024
Quartus Prime Version 22.1std.0 Build 915 10/25/2022 SC Lite Edition


---------------------
; Table of Contents ;
---------------------
  1. Legal Notice
  2. Analysis & Elaboration Summary
  3. Parallel Compilation
  4. Analysis & Elaboration IP Cores Summary
  5. Source assignments for instruction_unit:imem|altsyncram:altsyncram_component|altsyncram_2bf1:auto_generated
  6. Source assignments for memory_unit:mmem|altsyncram:altsyncram_component|altsyncram_29o2:auto_generated
  7. Parameter Settings for User Entity Instance: controller_unit:c|condlogic_unit:cl|flopenr:flagreg1
  8. Parameter Settings for User Entity Instance: controller_unit:c|condlogic_unit:cl|flopenr:flagreg0
  9. Parameter Settings for User Entity Instance: datapath:dp|mux2:pcmux
 10. Parameter Settings for User Entity Instance: datapath:dp|flopr:pcreg
 11. Parameter Settings for User Entity Instance: datapath:dp|adder:pcadd1
 12. Parameter Settings for User Entity Instance: datapath:dp|adder:pcadd2
 13. Parameter Settings for User Entity Instance: datapath:dp|mux2:ra1mux
 14. Parameter Settings for User Entity Instance: datapath:dp|mux2:ra2mux
 15. Parameter Settings for User Entity Instance: datapath:dp|mux2:resmux
 16. Parameter Settings for User Entity Instance: datapath:dp|mux2:srcbmux
 17. Parameter Settings for User Entity Instance: instruction_unit:imem|altsyncram:altsyncram_component
 18. Parameter Settings for User Entity Instance: memory_unit:mmem|altsyncram:altsyncram_component
 19. altsyncram Parameter Settings by Entity Instance
 20. Analysis & Elaboration Settings
 21. Port Connectivity Checks: "memory_unit:mmem"
 22. Port Connectivity Checks: "instruction_unit:imem"
 23. Port Connectivity Checks: "datapath:dp|ALU:alu"
 24. Port Connectivity Checks: "datapath:dp|mux2:srcbmux"
 25. Port Connectivity Checks: "datapath:dp|mux2:resmux"
 26. Port Connectivity Checks: "datapath:dp|register_unit:rf"
 27. Port Connectivity Checks: "datapath:dp|mux2:ra1mux"
 28. Port Connectivity Checks: "datapath:dp|adder:pcadd2"
 29. Port Connectivity Checks: "datapath:dp|adder:pcadd1"
 30. Port Connectivity Checks: "datapath:dp"
 31. Analysis & Elaboration Messages
 32. Analysis & Elaboration Suppressed Messages



----------------
; Legal Notice ;
----------------
Copyright (C) 2022  Intel Corporation. All rights reserved.
Your use of Intel Corporation's design tools, logic functions 
and other software and tools, and any partner logic 
functions, and any output files from any of the foregoing 
(including device programming or simulation files), and any 
associated documentation or information are expressly subject 
to the terms and conditions of the Intel Program License 
Subscription Agreement, the Intel Quartus Prime License Agreement,
the Intel FPGA IP License Agreement, or other applicable license
agreement, including, without limitation, that your use is for
the sole purpose of programming logic devices manufactured by
Intel and sold by Intel or its authorized distributors.  Please
refer to the applicable agreement for further details, at
https://fpgasoftware.intel.com/eula.



+--------------------------------------------------------------------------------+
; Analysis & Elaboration Summary                                                 ;
+-------------------------------+------------------------------------------------+
; Analysis & Elaboration Status ; Successful - Wed Nov  6 23:21:03 2024          ;
; Quartus Prime Version         ; 22.1std.0 Build 915 10/25/2022 SC Lite Edition ;
; Revision Name                 ; filtros_clasicos                               ;
; Top-level Entity Name         ; filtros_clasicos                               ;
; Family                        ; Cyclone V                                      ;
; Logic utilization (in ALMs)   ; N/A until Partition Merge                      ;
; Total registers               ; N/A until Partition Merge                      ;
; Total pins                    ; N/A until Partition Merge                      ;
; Total virtual pins            ; N/A until Partition Merge                      ;
; Total block memory bits       ; N/A until Partition Merge                      ;
; Total PLLs                    ; N/A until Partition Merge                      ;
; Total DLLs                    ; N/A until Partition Merge                      ;
+-------------------------------+------------------------------------------------+


+------------------------------------------+
; Parallel Compilation                     ;
+----------------------------+-------------+
; Processors                 ; Number      ;
+----------------------------+-------------+
; Number detected on machine ; 4           ;
; Maximum allowed            ; 2           ;
;                            ;             ;
; Average used               ; 1.00        ;
; Maximum used               ; 1           ;
;                            ;             ;
; Usage by Processor         ; % Time Used ;
;     Processor 1            ; 100.0%      ;
+----------------------------+-------------+


+------------------------------------------------------------------------------------------------------------------------------+
; Analysis & Elaboration IP Cores Summary                                                                                      ;
+--------+--------------+---------+--------------+--------------+-----------------------------------------+--------------------+
; Vendor ; IP Core Name ; Version ; Release Date ; License Type ; Entity Instance                         ; IP Include File    ;
+--------+--------------+---------+--------------+--------------+-----------------------------------------+--------------------+
; Altera ; ROM: 1-PORT  ; 22.1    ; N/A          ; N/A          ; |filtros_clasicos|instruction_unit:imem ; instruction_unit.v ;
; Altera ; RAM: 2-PORT  ; 22.1    ; N/A          ; N/A          ; |filtros_clasicos|memory_unit:mmem      ; memory_unit.v      ;
+--------+--------------+---------+--------------+--------------+-----------------------------------------+--------------------+


+-------------------------------------------------------------------------------------------------------------+
; Source assignments for instruction_unit:imem|altsyncram:altsyncram_component|altsyncram_2bf1:auto_generated ;
+---------------------------------+--------------------+------+-----------------------------------------------+
; Assignment                      ; Value              ; From ; To                                            ;
+---------------------------------+--------------------+------+-----------------------------------------------+
; OPTIMIZE_POWER_DURING_SYNTHESIS ; NORMAL_COMPILATION ; -    ; -                                             ;
+---------------------------------+--------------------+------+-----------------------------------------------+


+--------------------------------------------------------------------------------------------------------+
; Source assignments for memory_unit:mmem|altsyncram:altsyncram_component|altsyncram_29o2:auto_generated ;
+---------------------------------+--------------------+------+------------------------------------------+
; Assignment                      ; Value              ; From ; To                                       ;
+---------------------------------+--------------------+------+------------------------------------------+
; OPTIMIZE_POWER_DURING_SYNTHESIS ; NORMAL_COMPILATION ; -    ; -                                        ;
+---------------------------------+--------------------+------+------------------------------------------+


+---------------------------------------------------------------------------------------------------+
; Parameter Settings for User Entity Instance: controller_unit:c|condlogic_unit:cl|flopenr:flagreg1 ;
+----------------+-------+--------------------------------------------------------------------------+
; Parameter Name ; Value ; Type                                                                     ;
+----------------+-------+--------------------------------------------------------------------------+
; WIDTH          ; 2     ; Signed Integer                                                           ;
+----------------+-------+--------------------------------------------------------------------------+
Note: In order to hide this table in the UI and the text report file, please set the "Show Parameter Settings in Synthesis Report" option in "Analysis and Synthesis Settings -> More Settings" to "Off".


+---------------------------------------------------------------------------------------------------+
; Parameter Settings for User Entity Instance: controller_unit:c|condlogic_unit:cl|flopenr:flagreg0 ;
+----------------+-------+--------------------------------------------------------------------------+
; Parameter Name ; Value ; Type                                                                     ;
+----------------+-------+--------------------------------------------------------------------------+
; WIDTH          ; 2     ; Signed Integer                                                           ;
+----------------+-------+--------------------------------------------------------------------------+
Note: In order to hide this table in the UI and the text report file, please set the "Show Parameter Settings in Synthesis Report" option in "Analysis and Synthesis Settings -> More Settings" to "Off".


+---------------------------------------------------------------------+
; Parameter Settings for User Entity Instance: datapath:dp|mux2:pcmux ;
+----------------+-------+--------------------------------------------+
; Parameter Name ; Value ; Type                                       ;
+----------------+-------+--------------------------------------------+
; WIDTH          ; 32    ; Signed Integer                             ;
+----------------+-------+--------------------------------------------+
Note: In order to hide this table in the UI and the text report file, please set the "Show Parameter Settings in Synthesis Report" option in "Analysis and Synthesis Settings -> More Settings" to "Off".


+----------------------------------------------------------------------+
; Parameter Settings for User Entity Instance: datapath:dp|flopr:pcreg ;
+----------------+-------+---------------------------------------------+
; Parameter Name ; Value ; Type                                        ;
+----------------+-------+---------------------------------------------+
; WIDTH          ; 32    ; Signed Integer                              ;
+----------------+-------+---------------------------------------------+
Note: In order to hide this table in the UI and the text report file, please set the "Show Parameter Settings in Synthesis Report" option in "Analysis and Synthesis Settings -> More Settings" to "Off".


+-----------------------------------------------------------------------+
; Parameter Settings for User Entity Instance: datapath:dp|adder:pcadd1 ;
+----------------+-------+----------------------------------------------+
; Parameter Name ; Value ; Type                                         ;
+----------------+-------+----------------------------------------------+
; WIDTH          ; 32    ; Signed Integer                               ;
+----------------+-------+----------------------------------------------+
Note: In order to hide this table in the UI and the text report file, please set the "Show Parameter Settings in Synthesis Report" option in "Analysis and Synthesis Settings -> More Settings" to "Off".


+-----------------------------------------------------------------------+
; Parameter Settings for User Entity Instance: datapath:dp|adder:pcadd2 ;
+----------------+-------+----------------------------------------------+
; Parameter Name ; Value ; Type                                         ;
+----------------+-------+----------------------------------------------+
; WIDTH          ; 32    ; Signed Integer                               ;
+----------------+-------+----------------------------------------------+
Note: In order to hide this table in the UI and the text report file, please set the "Show Parameter Settings in Synthesis Report" option in "Analysis and Synthesis Settings -> More Settings" to "Off".


+----------------------------------------------------------------------+
; Parameter Settings for User Entity Instance: datapath:dp|mux2:ra1mux ;
+----------------+-------+---------------------------------------------+
; Parameter Name ; Value ; Type                                        ;
+----------------+-------+---------------------------------------------+
; WIDTH          ; 4     ; Signed Integer                              ;
+----------------+-------+---------------------------------------------+
Note: In order to hide this table in the UI and the text report file, please set the "Show Parameter Settings in Synthesis Report" option in "Analysis and Synthesis Settings -> More Settings" to "Off".


+----------------------------------------------------------------------+
; Parameter Settings for User Entity Instance: datapath:dp|mux2:ra2mux ;
+----------------+-------+---------------------------------------------+
; Parameter Name ; Value ; Type                                        ;
+----------------+-------+---------------------------------------------+
; WIDTH          ; 4     ; Signed Integer                              ;
+----------------+-------+---------------------------------------------+
Note: In order to hide this table in the UI and the text report file, please set the "Show Parameter Settings in Synthesis Report" option in "Analysis and Synthesis Settings -> More Settings" to "Off".


+----------------------------------------------------------------------+
; Parameter Settings for User Entity Instance: datapath:dp|mux2:resmux ;
+----------------+-------+---------------------------------------------+
; Parameter Name ; Value ; Type                                        ;
+----------------+-------+---------------------------------------------+
; WIDTH          ; 32    ; Signed Integer                              ;
+----------------+-------+---------------------------------------------+
Note: In order to hide this table in the UI and the text report file, please set the "Show Parameter Settings in Synthesis Report" option in "Analysis and Synthesis Settings -> More Settings" to "Off".


+-----------------------------------------------------------------------+
; Parameter Settings for User Entity Instance: datapath:dp|mux2:srcbmux ;
+----------------+-------+----------------------------------------------+
; Parameter Name ; Value ; Type                                         ;
+----------------+-------+----------------------------------------------+
; WIDTH          ; 32    ; Signed Integer                               ;
+----------------+-------+----------------------------------------------+
Note: In order to hide this table in the UI and the text report file, please set the "Show Parameter Settings in Synthesis Report" option in "Analysis and Synthesis Settings -> More Settings" to "Off".


+----------------------------------------------------------------------------------------------------+
; Parameter Settings for User Entity Instance: instruction_unit:imem|altsyncram:altsyncram_component ;
+------------------------------------+----------------------+----------------------------------------+
; Parameter Name                     ; Value                ; Type                                   ;
+------------------------------------+----------------------+----------------------------------------+
; BYTE_SIZE_BLOCK                    ; 8                    ; Untyped                                ;
; AUTO_CARRY_CHAINS                  ; ON                   ; AUTO_CARRY                             ;
; IGNORE_CARRY_BUFFERS               ; OFF                  ; IGNORE_CARRY                           ;
; AUTO_CASCADE_CHAINS                ; ON                   ; AUTO_CASCADE                           ;
; IGNORE_CASCADE_BUFFERS             ; OFF                  ; IGNORE_CASCADE                         ;
; WIDTH_BYTEENA                      ; 1                    ; Untyped                                ;
; OPERATION_MODE                     ; ROM                  ; Untyped                                ;
; WIDTH_A                            ; 32                   ; Signed Integer                         ;
; WIDTHAD_A                          ; 5                    ; Signed Integer                         ;
; NUMWORDS_A                         ; 32                   ; Signed Integer                         ;
; OUTDATA_REG_A                      ; CLOCK0               ; Untyped                                ;
; ADDRESS_ACLR_A                     ; NONE                 ; Untyped                                ;
; OUTDATA_ACLR_A                     ; NONE                 ; Untyped                                ;
; WRCONTROL_ACLR_A                   ; NONE                 ; Untyped                                ;
; INDATA_ACLR_A                      ; NONE                 ; Untyped                                ;
; BYTEENA_ACLR_A                     ; NONE                 ; Untyped                                ;
; WIDTH_B                            ; 1                    ; Untyped                                ;
; WIDTHAD_B                          ; 1                    ; Untyped                                ;
; NUMWORDS_B                         ; 1                    ; Untyped                                ;
; INDATA_REG_B                       ; CLOCK1               ; Untyped                                ;
; WRCONTROL_WRADDRESS_REG_B          ; CLOCK1               ; Untyped                                ;
; RDCONTROL_REG_B                    ; CLOCK1               ; Untyped                                ;
; ADDRESS_REG_B                      ; CLOCK1               ; Untyped                                ;
; OUTDATA_REG_B                      ; UNREGISTERED         ; Untyped                                ;
; BYTEENA_REG_B                      ; CLOCK1               ; Untyped                                ;
; INDATA_ACLR_B                      ; NONE                 ; Untyped                                ;
; WRCONTROL_ACLR_B                   ; NONE                 ; Untyped                                ;
; ADDRESS_ACLR_B                     ; NONE                 ; Untyped                                ;
; OUTDATA_ACLR_B                     ; NONE                 ; Untyped                                ;
; RDCONTROL_ACLR_B                   ; NONE                 ; Untyped                                ;
; BYTEENA_ACLR_B                     ; NONE                 ; Untyped                                ;
; WIDTH_BYTEENA_A                    ; 1                    ; Signed Integer                         ;
; WIDTH_BYTEENA_B                    ; 1                    ; Untyped                                ;
; RAM_BLOCK_TYPE                     ; AUTO                 ; Untyped                                ;
; BYTE_SIZE                          ; 8                    ; Untyped                                ;
; READ_DURING_WRITE_MODE_MIXED_PORTS ; DONT_CARE            ; Untyped                                ;
; READ_DURING_WRITE_MODE_PORT_A      ; NEW_DATA_NO_NBE_READ ; Untyped                                ;
; READ_DURING_WRITE_MODE_PORT_B      ; NEW_DATA_NO_NBE_READ ; Untyped                                ;
; INIT_FILE                          ; ROMem.mif            ; Untyped                                ;
; INIT_FILE_LAYOUT                   ; PORT_A               ; Untyped                                ;
; MAXIMUM_DEPTH                      ; 0                    ; Untyped                                ;
; CLOCK_ENABLE_INPUT_A               ; BYPASS               ; Untyped                                ;
; CLOCK_ENABLE_INPUT_B               ; NORMAL               ; Untyped                                ;
; CLOCK_ENABLE_OUTPUT_A              ; BYPASS               ; Untyped                                ;
; CLOCK_ENABLE_OUTPUT_B              ; NORMAL               ; Untyped                                ;
; CLOCK_ENABLE_CORE_A                ; USE_INPUT_CLKEN      ; Untyped                                ;
; CLOCK_ENABLE_CORE_B                ; USE_INPUT_CLKEN      ; Untyped                                ;
; ENABLE_ECC                         ; FALSE                ; Untyped                                ;
; ECC_PIPELINE_STAGE_ENABLED         ; FALSE                ; Untyped                                ;
; WIDTH_ECCSTATUS                    ; 3                    ; Untyped                                ;
; DEVICE_FAMILY                      ; Cyclone V            ; Untyped                                ;
; CBXI_PARAMETER                     ; altsyncram_2bf1      ; Untyped                                ;
+------------------------------------+----------------------+----------------------------------------+
Note: In order to hide this table in the UI and the text report file, please set the "Show Parameter Settings in Synthesis Report" option in "Analysis and Synthesis Settings -> More Settings" to "Off".


+-----------------------------------------------------------------------------------------------+
; Parameter Settings for User Entity Instance: memory_unit:mmem|altsyncram:altsyncram_component ;
+------------------------------------+----------------------+-----------------------------------+
; Parameter Name                     ; Value                ; Type                              ;
+------------------------------------+----------------------+-----------------------------------+
; BYTE_SIZE_BLOCK                    ; 8                    ; Untyped                           ;
; AUTO_CARRY_CHAINS                  ; ON                   ; AUTO_CARRY                        ;
; IGNORE_CARRY_BUFFERS               ; OFF                  ; IGNORE_CARRY                      ;
; AUTO_CASCADE_CHAINS                ; ON                   ; AUTO_CASCADE                      ;
; IGNORE_CASCADE_BUFFERS             ; OFF                  ; IGNORE_CASCADE                    ;
; WIDTH_BYTEENA                      ; 1                    ; Untyped                           ;
; OPERATION_MODE                     ; BIDIR_DUAL_PORT      ; Untyped                           ;
; WIDTH_A                            ; 8                    ; Signed Integer                    ;
; WIDTHAD_A                          ; 10                   ; Signed Integer                    ;
; NUMWORDS_A                         ; 1024                 ; Signed Integer                    ;
; OUTDATA_REG_A                      ; CLOCK0               ; Untyped                           ;
; ADDRESS_ACLR_A                     ; NONE                 ; Untyped                           ;
; OUTDATA_ACLR_A                     ; NONE                 ; Untyped                           ;
; WRCONTROL_ACLR_A                   ; NONE                 ; Untyped                           ;
; INDATA_ACLR_A                      ; NONE                 ; Untyped                           ;
; BYTEENA_ACLR_A                     ; NONE                 ; Untyped                           ;
; WIDTH_B                            ; 8                    ; Signed Integer                    ;
; WIDTHAD_B                          ; 10                   ; Signed Integer                    ;
; NUMWORDS_B                         ; 1024                 ; Signed Integer                    ;
; INDATA_REG_B                       ; CLOCK0               ; Untyped                           ;
; WRCONTROL_WRADDRESS_REG_B          ; CLOCK0               ; Untyped                           ;
; RDCONTROL_REG_B                    ; CLOCK1               ; Untyped                           ;
; ADDRESS_REG_B                      ; CLOCK0               ; Untyped                           ;
; OUTDATA_REG_B                      ; CLOCK0               ; Untyped                           ;
; BYTEENA_REG_B                      ; CLOCK1               ; Untyped                           ;
; INDATA_ACLR_B                      ; NONE                 ; Untyped                           ;
; WRCONTROL_ACLR_B                   ; NONE                 ; Untyped                           ;
; ADDRESS_ACLR_B                     ; NONE                 ; Untyped                           ;
; OUTDATA_ACLR_B                     ; NONE                 ; Untyped                           ;
; RDCONTROL_ACLR_B                   ; NONE                 ; Untyped                           ;
; BYTEENA_ACLR_B                     ; NONE                 ; Untyped                           ;
; WIDTH_BYTEENA_A                    ; 1                    ; Signed Integer                    ;
; WIDTH_BYTEENA_B                    ; 1                    ; Signed Integer                    ;
; RAM_BLOCK_TYPE                     ; AUTO                 ; Untyped                           ;
; BYTE_SIZE                          ; 8                    ; Untyped                           ;
; READ_DURING_WRITE_MODE_MIXED_PORTS ; DONT_CARE            ; Untyped                           ;
; READ_DURING_WRITE_MODE_PORT_A      ; NEW_DATA_NO_NBE_READ ; Untyped                           ;
; READ_DURING_WRITE_MODE_PORT_B      ; NEW_DATA_NO_NBE_READ ; Untyped                           ;
; INIT_FILE                          ; RAMem.mif            ; Untyped                           ;
; INIT_FILE_LAYOUT                   ; PORT_A               ; Untyped                           ;
; MAXIMUM_DEPTH                      ; 0                    ; Untyped                           ;
; CLOCK_ENABLE_INPUT_A               ; BYPASS               ; Untyped                           ;
; CLOCK_ENABLE_INPUT_B               ; BYPASS               ; Untyped                           ;
; CLOCK_ENABLE_OUTPUT_A              ; BYPASS               ; Untyped                           ;
; CLOCK_ENABLE_OUTPUT_B              ; BYPASS               ; Untyped                           ;
; CLOCK_ENABLE_CORE_A                ; USE_INPUT_CLKEN      ; Untyped                           ;
; CLOCK_ENABLE_CORE_B                ; USE_INPUT_CLKEN      ; Untyped                           ;
; ENABLE_ECC                         ; FALSE                ; Untyped                           ;
; ECC_PIPELINE_STAGE_ENABLED         ; FALSE                ; Untyped                           ;
; WIDTH_ECCSTATUS                    ; 3                    ; Untyped                           ;
; DEVICE_FAMILY                      ; Cyclone V            ; Untyped                           ;
; CBXI_PARAMETER                     ; altsyncram_29o2      ; Untyped                           ;
+------------------------------------+----------------------+-----------------------------------+
Note: In order to hide this table in the UI and the text report file, please set the "Show Parameter Settings in Synthesis Report" option in "Analysis and Synthesis Settings -> More Settings" to "Off".


+---------------------------------------------------------------------------------------------------+
; altsyncram Parameter Settings by Entity Instance                                                  ;
+-------------------------------------------+-------------------------------------------------------+
; Name                                      ; Value                                                 ;
+-------------------------------------------+-------------------------------------------------------+
; Number of entity instances                ; 2                                                     ;
; Entity Instance                           ; instruction_unit:imem|altsyncram:altsyncram_component ;
;     -- OPERATION_MODE                     ; ROM                                                   ;
;     -- WIDTH_A                            ; 32                                                    ;
;     -- NUMWORDS_A                         ; 32                                                    ;
;     -- OUTDATA_REG_A                      ; CLOCK0                                                ;
;     -- WIDTH_B                            ; 1                                                     ;
;     -- NUMWORDS_B                         ; 1                                                     ;
;     -- ADDRESS_REG_B                      ; CLOCK1                                                ;
;     -- OUTDATA_REG_B                      ; UNREGISTERED                                          ;
;     -- RAM_BLOCK_TYPE                     ; AUTO                                                  ;
;     -- READ_DURING_WRITE_MODE_MIXED_PORTS ; DONT_CARE                                             ;
; Entity Instance                           ; memory_unit:mmem|altsyncram:altsyncram_component      ;
;     -- OPERATION_MODE                     ; BIDIR_DUAL_PORT                                       ;
;     -- WIDTH_A                            ; 8                                                     ;
;     -- NUMWORDS_A                         ; 1024                                                  ;
;     -- OUTDATA_REG_A                      ; CLOCK0                                                ;
;     -- WIDTH_B                            ; 8                                                     ;
;     -- NUMWORDS_B                         ; 1024                                                  ;
;     -- ADDRESS_REG_B                      ; CLOCK0                                                ;
;     -- OUTDATA_REG_B                      ; CLOCK0                                                ;
;     -- RAM_BLOCK_TYPE                     ; AUTO                                                  ;
;     -- READ_DURING_WRITE_MODE_MIXED_PORTS ; DONT_CARE                                             ;
+-------------------------------------------+-------------------------------------------------------+


+---------------------------------------------------------------------------------------------------------------------------+
; Analysis & Elaboration Settings                                                                                           ;
+---------------------------------------------------------------------------------+--------------------+--------------------+
; Option                                                                          ; Setting            ; Default Value      ;
+---------------------------------------------------------------------------------+--------------------+--------------------+
; Device                                                                          ; 5CSXFC6D6F31C6     ;                    ;
; Top-level entity name                                                           ; filtros_clasicos   ; filtros_clasicos   ;
; Family name                                                                     ; Cyclone V          ; Cyclone V          ;
; Use smart compilation                                                           ; Off                ; Off                ;
; Enable parallel Assembler and Timing Analyzer during compilation                ; On                 ; On                 ;
; Enable compact report table                                                     ; Off                ; Off                ;
; Restructure Multiplexers                                                        ; Auto               ; Auto               ;
; MLAB Add Timing Constraints For Mixed-Port Feed-Through Mode Setting Don't Care ; Off                ; Off                ;
; Create Debugging Nodes for IP Cores                                             ; Off                ; Off                ;
; Preserve fewer node names                                                       ; On                 ; On                 ;
; Intel FPGA IP Evaluation Mode                                                   ; Enable             ; Enable             ;
; Verilog Version                                                                 ; Verilog_2001       ; Verilog_2001       ;
; VHDL Version                                                                    ; VHDL_1993          ; VHDL_1993          ;
; State Machine Processing                                                        ; Auto               ; Auto               ;
; Safe State Machine                                                              ; Off                ; Off                ;
; Extract Verilog State Machines                                                  ; On                 ; On                 ;
; Extract VHDL State Machines                                                     ; On                 ; On                 ;
; Ignore Verilog initial constructs                                               ; Off                ; Off                ;
; Iteration limit for constant Verilog loops                                      ; 5000               ; 5000               ;
; Iteration limit for non-constant Verilog loops                                  ; 250                ; 250                ;
; Add Pass-Through Logic to Inferred RAMs                                         ; On                 ; On                 ;
; Infer RAMs from Raw Logic                                                       ; On                 ; On                 ;
; Parallel Synthesis                                                              ; On                 ; On                 ;
; DSP Block Balancing                                                             ; Auto               ; Auto               ;
; NOT Gate Push-Back                                                              ; On                 ; On                 ;
; Power-Up Don't Care                                                             ; On                 ; On                 ;
; Remove Redundant Logic Cells                                                    ; Off                ; Off                ;
; Remove Duplicate Registers                                                      ; On                 ; On                 ;
; Ignore CARRY Buffers                                                            ; Off                ; Off                ;
; Ignore CASCADE Buffers                                                          ; Off                ; Off                ;
; Ignore GLOBAL Buffers                                                           ; Off                ; Off                ;
; Ignore ROW GLOBAL Buffers                                                       ; Off                ; Off                ;
; Ignore LCELL Buffers                                                            ; Off                ; Off                ;
; Ignore SOFT Buffers                                                             ; On                 ; On                 ;
; Limit AHDL Integers to 32 Bits                                                  ; Off                ; Off                ;
; Optimization Technique                                                          ; Balanced           ; Balanced           ;
; Carry Chain Length                                                              ; 70                 ; 70                 ;
; Auto Carry Chains                                                               ; On                 ; On                 ;
; Auto Open-Drain Pins                                                            ; On                 ; On                 ;
; Perform WYSIWYG Primitive Resynthesis                                           ; Off                ; Off                ;
; Auto ROM Replacement                                                            ; On                 ; On                 ;
; Auto RAM Replacement                                                            ; On                 ; On                 ;
; Auto DSP Block Replacement                                                      ; On                 ; On                 ;
; Auto Shift Register Replacement                                                 ; Auto               ; Auto               ;
; Allow Shift Register Merging across Hierarchies                                 ; Auto               ; Auto               ;
; Auto Clock Enable Replacement                                                   ; On                 ; On                 ;
; Strict RAM Replacement                                                          ; Off                ; Off                ;
; Allow Synchronous Control Signals                                               ; On                 ; On                 ;
; Force Use of Synchronous Clear Signals                                          ; Off                ; Off                ;
; Auto Resource Sharing                                                           ; Off                ; Off                ;
; Allow Any RAM Size For Recognition                                              ; Off                ; Off                ;
; Allow Any ROM Size For Recognition                                              ; Off                ; Off                ;
; Allow Any Shift Register Size For Recognition                                   ; Off                ; Off                ;
; Use LogicLock Constraints during Resource Balancing                             ; On                 ; On                 ;
; Ignore translate_off and synthesis_off directives                               ; Off                ; Off                ;
; Timing-Driven Synthesis                                                         ; On                 ; On                 ;
; Report Parameter Settings                                                       ; On                 ; On                 ;
; Report Source Assignments                                                       ; On                 ; On                 ;
; Report Connectivity Checks                                                      ; On                 ; On                 ;
; Ignore Maximum Fan-Out Assignments                                              ; Off                ; Off                ;
; Synchronization Register Chain Length                                           ; 3                  ; 3                  ;
; Power Optimization During Synthesis                                             ; Normal compilation ; Normal compilation ;
; HDL message level                                                               ; Level2             ; Level2             ;
; Suppress Register Optimization Related Messages                                 ; Off                ; Off                ;
; Number of Removed Registers Reported in Synthesis Report                        ; 5000               ; 5000               ;
; Number of Swept Nodes Reported in Synthesis Report                              ; 5000               ; 5000               ;
; Number of Inverted Registers Reported in Synthesis Report                       ; 100                ; 100                ;
; Clock MUX Protection                                                            ; On                 ; On                 ;
; Auto Gated Clock Conversion                                                     ; Off                ; Off                ;
; Block Design Naming                                                             ; Auto               ; Auto               ;
; SDC constraint protection                                                       ; Off                ; Off                ;
; Synthesis Effort                                                                ; Auto               ; Auto               ;
; Shift Register Replacement - Allow Asynchronous Clear Signal                    ; On                 ; On                 ;
; Pre-Mapping Resynthesis Optimization                                            ; Off                ; Off                ;
; Analysis & Synthesis Message Level                                              ; Medium             ; Medium             ;
; Disable Register Merging Across Hierarchies                                     ; Auto               ; Auto               ;
; Resource Aware Inference For Block RAM                                          ; On                 ; On                 ;
; Automatic Parallel Synthesis                                                    ; On                 ; On                 ;
; Partial Reconfiguration Bitstream ID                                            ; Off                ; Off                ;
+---------------------------------------------------------------------------------+--------------------+--------------------+


+---------------------------------------------------------------------------------------------------------------------------------------------------------------------------------------------------------------------+
; Port Connectivity Checks: "memory_unit:mmem"                                                                                                                                                                        ;
+-----------+--------+----------+-------------------------------------------------------------------------------------------------------------------------------------------------------------------------------------+
; Port      ; Type   ; Severity ; Details                                                                                                                                                                             ;
+-----------+--------+----------+-------------------------------------------------------------------------------------------------------------------------------------------------------------------------------------+
; address_a ; Input  ; Warning  ; Input port expression (16 bits) is wider than the input port (10 bits) it drives.  The 6 most-significant bit(s) in the expression will be dangling if they have no other fanouts.  ;
; address_b ; Input  ; Warning  ; Input port expression (32 bits) is wider than the input port (10 bits) it drives.  The 22 most-significant bit(s) in the expression will be dangling if they have no other fanouts. ;
; data_a    ; Input  ; Warning  ; Input port expression (32 bits) is wider than the input port (8 bits) it drives.  The 24 most-significant bit(s) in the expression will be dangling if they have no other fanouts.  ;
; data_b    ; Input  ; Info     ; Stuck at GND                                                                                                                                                                        ;
; wren_b    ; Input  ; Info     ; Stuck at GND                                                                                                                                                                        ;
; q_a       ; Output ; Warning  ; Output or bidir port (8 bits) is smaller than the port expression (32 bits) it drives.  The 24 most-significant bit(s) in the port expression will be connected to GND.             ;
+-----------+--------+----------+-------------------------------------------------------------------------------------------------------------------------------------------------------------------------------------+


+-----------------------------------------------------------------------------------------------------------------------------------------------------------------------------------------------------------------+
; Port Connectivity Checks: "instruction_unit:imem"                                                                                                                                                               ;
+---------+-------+----------+------------------------------------------------------------------------------------------------------------------------------------------------------------------------------------+
; Port    ; Type  ; Severity ; Details                                                                                                                                                                            ;
+---------+-------+----------+------------------------------------------------------------------------------------------------------------------------------------------------------------------------------------+
; address ; Input ; Warning  ; Input port expression (32 bits) is wider than the input port (5 bits) it drives.  The 27 most-significant bit(s) in the expression will be dangling if they have no other fanouts. ;
+---------+-------+----------+------------------------------------------------------------------------------------------------------------------------------------------------------------------------------------+


+------------------------------------------------------------------------------------------------------------------------------------------------------------------------------------------------------------------+
; Port Connectivity Checks: "datapath:dp|ALU:alu"                                                                                                                                                                  ;
+--------+--------+----------+-------------------------------------------------------------------------------------------------------------------------------------------------------------------------------------+
; Port   ; Type   ; Severity ; Details                                                                                                                                                                             ;
+--------+--------+----------+-------------------------------------------------------------------------------------------------------------------------------------------------------------------------------------+
; SrcA   ; Input  ; Warning  ; Input port expression (32 bits) is wider than the input port (16 bits) it drives.  The 16 most-significant bit(s) in the expression will be dangling if they have no other fanouts. ;
; SrcB   ; Input  ; Warning  ; Input port expression (32 bits) is wider than the input port (16 bits) it drives.  The 16 most-significant bit(s) in the expression will be dangling if they have no other fanouts. ;
; Result ; Output ; Warning  ; Output or bidir port (16 bits) is smaller than the port expression (32 bits) it drives.  The 16 most-significant bit(s) in the port expression will be connected to GND.            ;
+--------+--------+----------+-------------------------------------------------------------------------------------------------------------------------------------------------------------------------------------+


+---------------------------------------------------------------------------------------------------------------------+
; Port Connectivity Checks: "datapath:dp|mux2:srcbmux"                                                                ;
+-----------+--------+----------+-------------------------------------------------------------------------------------+
; Port      ; Type   ; Severity ; Details                                                                             ;
+-----------+--------+----------+-------------------------------------------------------------------------------------+
; y[31..16] ; Output ; Info     ; Connected to dangling logic. Logic that only feeds a dangling port will be removed. ;
+-----------+--------+----------+-------------------------------------------------------------------------------------+


+-----------------------------------------------------+
; Port Connectivity Checks: "datapath:dp|mux2:resmux" ;
+-----------+-------+----------+----------------------+
; Port      ; Type  ; Severity ; Details              ;
+-----------+-------+----------+----------------------+
; d1[31..8] ; Input ; Info     ; Stuck at GND         ;
+-----------+-------+----------+----------------------+


+----------------------------------------------------------------------------------------------------------------------------------------------------------------------------------------------------------------+
; Port Connectivity Checks: "datapath:dp|register_unit:rf"                                                                                                                                                       ;
+------+--------+----------+-------------------------------------------------------------------------------------------------------------------------------------------------------------------------------------+
; Port ; Type   ; Severity ; Details                                                                                                                                                                             ;
+------+--------+----------+-------------------------------------------------------------------------------------------------------------------------------------------------------------------------------------+
; wd3  ; Input  ; Warning  ; Input port expression (32 bits) is wider than the input port (16 bits) it drives.  The 16 most-significant bit(s) in the expression will be dangling if they have no other fanouts. ;
; r15  ; Input  ; Warning  ; Input port expression (32 bits) is wider than the input port (16 bits) it drives.  The 16 most-significant bit(s) in the expression will be dangling if they have no other fanouts. ;
; rd1  ; Output ; Warning  ; Output or bidir port (16 bits) is smaller than the port expression (32 bits) it drives.  The 16 most-significant bit(s) in the port expression will be connected to GND.            ;
; rd2  ; Output ; Warning  ; Output or bidir port (16 bits) is smaller than the port expression (32 bits) it drives.  The 16 most-significant bit(s) in the port expression will be connected to GND.            ;
+------+--------+----------+-------------------------------------------------------------------------------------------------------------------------------------------------------------------------------------+


+-----------------------------------------------------+
; Port Connectivity Checks: "datapath:dp|mux2:ra1mux" ;
+------+-------+----------+---------------------------+
; Port ; Type  ; Severity ; Details                   ;
+------+-------+----------+---------------------------+
; d1   ; Input ; Info     ; Stuck at VCC              ;
+------+-------+----------+---------------------------+


+---------------------------------------------------------------------------------------------------------------------+
; Port Connectivity Checks: "datapath:dp|adder:pcadd2"                                                                ;
+-----------+--------+----------+-------------------------------------------------------------------------------------+
; Port      ; Type   ; Severity ; Details                                                                             ;
+-----------+--------+----------+-------------------------------------------------------------------------------------+
; b[31..1]  ; Input  ; Info     ; Stuck at GND                                                                        ;
; b[0]      ; Input  ; Info     ; Stuck at VCC                                                                        ;
; y[31..16] ; Output ; Info     ; Connected to dangling logic. Logic that only feeds a dangling port will be removed. ;
+-----------+--------+----------+-------------------------------------------------------------------------------------+


+------------------------------------------------------+
; Port Connectivity Checks: "datapath:dp|adder:pcadd1" ;
+----------+-------+----------+------------------------+
; Port     ; Type  ; Severity ; Details                ;
+----------+-------+----------+------------------------+
; b[31..1] ; Input ; Info     ; Stuck at GND           ;
; b[0]     ; Input ; Info     ; Stuck at VCC           ;
+----------+-------+----------+------------------------+


+--------------------------------------------------------------------------------------------------------------------------------------------------------------------------+
; Port Connectivity Checks: "datapath:dp"                                                                                                                                  ;
+-------------------+--------+----------+----------------------------------------------------------------------------------------------------------------------------------+
; Port              ; Type   ; Severity ; Details                                                                                                                          ;
+-------------------+--------+----------+----------------------------------------------------------------------------------------------------------------------------------+
; pc[31..5]         ; Output ; Info     ; Connected to dangling logic. Logic that only feeds a dangling port will be removed.                                              ;
; ALUResult         ; Output ; Warning  ; Output or bidir port (32 bits) is wider than the port expression (16 bits) it drives; bit(s) "ALUResult[31..16]" have no fanouts ;
; ALUResult[15..10] ; Output ; Info     ; Connected to dangling logic. Logic that only feeds a dangling port will be removed.                                              ;
; WriteData[31..8]  ; Output ; Info     ; Connected to dangling logic. Logic that only feeds a dangling port will be removed.                                              ;
+-------------------+--------+----------+----------------------------------------------------------------------------------------------------------------------------------+


+---------------------------------+
; Analysis & Elaboration Messages ;
+---------------------------------+
Info: *******************************************************************
Info: Running Quartus Prime Analysis & Elaboration
    Info: Version 22.1std.0 Build 915 10/25/2022 SC Lite Edition
    Info: Processing started: Wed Nov  6 23:20:50 2024
Info: Command: quartus_map --read_settings_files=on --write_settings_files=off filtros_clasicos -c filtros_clasicos --analysis_and_elaboration
Warning (18236): Number of processors has not been specified which may cause overloading on shared machines.  Set the global assignment NUM_PARALLEL_PROCESSORS in your QSF to an appropriate value for best performance.
Info (20030): Parallel compilation is enabled and will use 2 of the 2 processors detected
Info (12021): Found 1 design units, including 1 entities, in source file mux2.sv
    Info (12023): Found entity 1: mux2 File: C:/Users/grero/OneDrive/Escritorio/taller/JRodriguez-KRuiz-GQuintero-digital-design-lab-2024/ProyectoFinal/mux2.sv Line: 1
Info (12021): Found 1 design units, including 1 entities, in source file flopr.sv
    Info (12023): Found entity 1: flopr File: C:/Users/grero/OneDrive/Escritorio/taller/JRodriguez-KRuiz-GQuintero-digital-design-lab-2024/ProyectoFinal/flopr.sv Line: 1
Info (12021): Found 1 design units, including 1 entities, in source file flopenr.sv
    Info (12023): Found entity 1: flopenr File: C:/Users/grero/OneDrive/Escritorio/taller/JRodriguez-KRuiz-GQuintero-digital-design-lab-2024/ProyectoFinal/flopenr.sv Line: 1
Info (12021): Found 1 design units, including 1 entities, in source file decoder_unit.sv
    Info (12023): Found entity 1: decoder_unit File: C:/Users/grero/OneDrive/Escritorio/taller/JRodriguez-KRuiz-GQuintero-digital-design-lab-2024/ProyectoFinal/decoder_unit.sv Line: 1
Info (12021): Found 1 design units, including 1 entities, in source file datapath.sv
    Info (12023): Found entity 1: datapath File: C:/Users/grero/OneDrive/Escritorio/taller/JRodriguez-KRuiz-GQuintero-digital-design-lab-2024/ProyectoFinal/datapath.sv Line: 1
Info (12021): Found 1 design units, including 1 entities, in source file condlogic_unit.sv
    Info (12023): Found entity 1: condlogic_unit File: C:/Users/grero/OneDrive/Escritorio/taller/JRodriguez-KRuiz-GQuintero-digital-design-lab-2024/ProyectoFinal/condlogic_unit.sv Line: 1
Info (12021): Found 1 design units, including 1 entities, in source file condcheck_unit.sv
    Info (12023): Found entity 1: condcheck_unit File: C:/Users/grero/OneDrive/Escritorio/taller/JRodriguez-KRuiz-GQuintero-digital-design-lab-2024/ProyectoFinal/condcheck_unit.sv Line: 1
Info (12021): Found 1 design units, including 1 entities, in source file adder.sv
    Info (12023): Found entity 1: adder File: C:/Users/grero/OneDrive/Escritorio/taller/JRodriguez-KRuiz-GQuintero-digital-design-lab-2024/ProyectoFinal/adder.sv Line: 1
Info (12021): Found 1 design units, including 1 entities, in source file controller_unit.sv
    Info (12023): Found entity 1: controller_unit File: C:/Users/grero/OneDrive/Escritorio/taller/JRodriguez-KRuiz-GQuintero-digital-design-lab-2024/ProyectoFinal/controller_unit.sv Line: 1
Info (12021): Found 1 design units, including 1 entities, in source file register_unit.sv
    Info (12023): Found entity 1: register_unit File: C:/Users/grero/OneDrive/Escritorio/taller/JRodriguez-KRuiz-GQuintero-digital-design-lab-2024/ProyectoFinal/register_unit.sv Line: 1
Info (12021): Found 1 design units, including 1 entities, in source file alu.sv
    Info (12023): Found entity 1: ALU File: C:/Users/grero/OneDrive/Escritorio/taller/JRodriguez-KRuiz-GQuintero-digital-design-lab-2024/ProyectoFinal/ALU.sv Line: 1
Info (12021): Found 1 design units, including 1 entities, in source file imm_unit.sv
    Info (12023): Found entity 1: imm_unit File: C:/Users/grero/OneDrive/Escritorio/taller/JRodriguez-KRuiz-GQuintero-digital-design-lab-2024/ProyectoFinal/imm_unit.sv Line: 1
Info (12021): Found 1 design units, including 1 entities, in source file filtros_clasicos.sv
    Info (12023): Found entity 1: filtros_clasicos File: C:/Users/grero/OneDrive/Escritorio/taller/JRodriguez-KRuiz-GQuintero-digital-design-lab-2024/ProyectoFinal/filtros_clasicos.sv Line: 1
Info (12021): Found 1 design units, including 1 entities, in source file instruction_unit.v
    Info (12023): Found entity 1: instruction_unit File: C:/Users/grero/OneDrive/Escritorio/taller/JRodriguez-KRuiz-GQuintero-digital-design-lab-2024/ProyectoFinal/instruction_unit.v Line: 40
Info (12021): Found 1 design units, including 1 entities, in source file filtros_clasicos_tb.sv
    Info (12023): Found entity 1: filtros_clasicos_tb File: C:/Users/grero/OneDrive/Escritorio/taller/JRodriguez-KRuiz-GQuintero-digital-design-lab-2024/ProyectoFinal/filtros_clasicos_tb.sv Line: 3
Info (12021): Found 1 design units, including 1 entities, in source file memory_unit.v
    Info (12023): Found entity 1: memory_unit File: C:/Users/grero/OneDrive/Escritorio/taller/JRodriguez-KRuiz-GQuintero-digital-design-lab-2024/ProyectoFinal/memory_unit.v Line: 40
Info (12127): Elaborating entity "filtros_clasicos" for the top level hierarchy
Info (12128): Elaborating entity "controller_unit" for hierarchy "controller_unit:c" File: C:/Users/grero/OneDrive/Escritorio/taller/JRodriguez-KRuiz-GQuintero-digital-design-lab-2024/ProyectoFinal/filtros_clasicos.sv Line: 37
Info (12128): Elaborating entity "decoder_unit" for hierarchy "controller_unit:c|decoder_unit:dec" File: C:/Users/grero/OneDrive/Escritorio/taller/JRodriguez-KRuiz-GQuintero-digital-design-lab-2024/ProyectoFinal/controller_unit.sv Line: 34
Info (12128): Elaborating entity "condlogic_unit" for hierarchy "controller_unit:c|condlogic_unit:cl" File: C:/Users/grero/OneDrive/Escritorio/taller/JRodriguez-KRuiz-GQuintero-digital-design-lab-2024/ProyectoFinal/controller_unit.sv Line: 48
Info (12128): Elaborating entity "flopenr" for hierarchy "controller_unit:c|condlogic_unit:cl|flopenr:flagreg1" File: C:/Users/grero/OneDrive/Escritorio/taller/JRodriguez-KRuiz-GQuintero-digital-design-lab-2024/ProyectoFinal/condlogic_unit.sv Line: 25
Info (12128): Elaborating entity "condcheck_unit" for hierarchy "controller_unit:c|condlogic_unit:cl|condcheck_unit:cc" File: C:/Users/grero/OneDrive/Escritorio/taller/JRodriguez-KRuiz-GQuintero-digital-design-lab-2024/ProyectoFinal/condlogic_unit.sv Line: 39
Info (12128): Elaborating entity "datapath" for hierarchy "datapath:dp" File: C:/Users/grero/OneDrive/Escritorio/taller/JRodriguez-KRuiz-GQuintero-digital-design-lab-2024/ProyectoFinal/filtros_clasicos.sv Line: 55
Info (12128): Elaborating entity "mux2" for hierarchy "datapath:dp|mux2:pcmux" File: C:/Users/grero/OneDrive/Escritorio/taller/JRodriguez-KRuiz-GQuintero-digital-design-lab-2024/ProyectoFinal/datapath.sv Line: 29
Info (12128): Elaborating entity "flopr" for hierarchy "datapath:dp|flopr:pcreg" File: C:/Users/grero/OneDrive/Escritorio/taller/JRodriguez-KRuiz-GQuintero-digital-design-lab-2024/ProyectoFinal/datapath.sv Line: 30
Info (12128): Elaborating entity "adder" for hierarchy "datapath:dp|adder:pcadd1" File: C:/Users/grero/OneDrive/Escritorio/taller/JRodriguez-KRuiz-GQuintero-digital-design-lab-2024/ProyectoFinal/datapath.sv Line: 31
Info (12128): Elaborating entity "mux2" for hierarchy "datapath:dp|mux2:ra1mux" File: C:/Users/grero/OneDrive/Escritorio/taller/JRodriguez-KRuiz-GQuintero-digital-design-lab-2024/ProyectoFinal/datapath.sv Line: 34
Info (12128): Elaborating entity "register_unit" for hierarchy "datapath:dp|register_unit:rf" File: C:/Users/grero/OneDrive/Escritorio/taller/JRodriguez-KRuiz-GQuintero-digital-design-lab-2024/ProyectoFinal/datapath.sv Line: 46
Warning (10230): Verilog HDL assignment warning at register_unit.sv(18): truncated value with size 32 to match size of target (16) File: C:/Users/grero/OneDrive/Escritorio/taller/JRodriguez-KRuiz-GQuintero-digital-design-lab-2024/ProyectoFinal/register_unit.sv Line: 18
Warning (10230): Verilog HDL assignment warning at register_unit.sv(19): truncated value with size 32 to match size of target (16) File: C:/Users/grero/OneDrive/Escritorio/taller/JRodriguez-KRuiz-GQuintero-digital-design-lab-2024/ProyectoFinal/register_unit.sv Line: 19
Info (12128): Elaborating entity "imm_unit" for hierarchy "datapath:dp|imm_unit:ext" File: C:/Users/grero/OneDrive/Escritorio/taller/JRodriguez-KRuiz-GQuintero-digital-design-lab-2024/ProyectoFinal/datapath.sv Line: 52
Info (12128): Elaborating entity "ALU" for hierarchy "datapath:dp|ALU:alu" File: C:/Users/grero/OneDrive/Escritorio/taller/JRodriguez-KRuiz-GQuintero-digital-design-lab-2024/ProyectoFinal/datapath.sv Line: 61
Warning (10240): Verilog HDL Always Construct warning at ALU.sv(16): inferring latch(es) for variable "temp_carry", which holds its previous value in one or more paths through the always construct File: C:/Users/grero/OneDrive/Escritorio/taller/JRodriguez-KRuiz-GQuintero-digital-design-lab-2024/ProyectoFinal/ALU.sv Line: 16
Warning (10240): Verilog HDL Always Construct warning at ALU.sv(16): inferring latch(es) for variable "temp_overflow", which holds its previous value in one or more paths through the always construct File: C:/Users/grero/OneDrive/Escritorio/taller/JRodriguez-KRuiz-GQuintero-digital-design-lab-2024/ProyectoFinal/ALU.sv Line: 16
Info (10041): Inferred latch for "flags[3]" at ALU.sv(25) File: C:/Users/grero/OneDrive/Escritorio/taller/JRodriguez-KRuiz-GQuintero-digital-design-lab-2024/ProyectoFinal/ALU.sv Line: 25
Info (12128): Elaborating entity "instruction_unit" for hierarchy "instruction_unit:imem" File: C:/Users/grero/OneDrive/Escritorio/taller/JRodriguez-KRuiz-GQuintero-digital-design-lab-2024/ProyectoFinal/filtros_clasicos.sv Line: 61
Info (12128): Elaborating entity "altsyncram" for hierarchy "instruction_unit:imem|altsyncram:altsyncram_component" File: C:/Users/grero/OneDrive/Escritorio/taller/JRodriguez-KRuiz-GQuintero-digital-design-lab-2024/ProyectoFinal/instruction_unit.v Line: 82
Info (12130): Elaborated megafunction instantiation "instruction_unit:imem|altsyncram:altsyncram_component" File: C:/Users/grero/OneDrive/Escritorio/taller/JRodriguez-KRuiz-GQuintero-digital-design-lab-2024/ProyectoFinal/instruction_unit.v Line: 82
Info (12133): Instantiated megafunction "instruction_unit:imem|altsyncram:altsyncram_component" with the following parameter: File: C:/Users/grero/OneDrive/Escritorio/taller/JRodriguez-KRuiz-GQuintero-digital-design-lab-2024/ProyectoFinal/instruction_unit.v Line: 82
    Info (12134): Parameter "address_aclr_a" = "NONE"
    Info (12134): Parameter "clock_enable_input_a" = "BYPASS"
    Info (12134): Parameter "clock_enable_output_a" = "BYPASS"
    Info (12134): Parameter "init_file" = "ROMem.mif"
    Info (12134): Parameter "intended_device_family" = "Cyclone V"
    Info (12134): Parameter "lpm_hint" = "ENABLE_RUNTIME_MOD=NO"
    Info (12134): Parameter "lpm_type" = "altsyncram"
    Info (12134): Parameter "numwords_a" = "32"
    Info (12134): Parameter "operation_mode" = "ROM"
    Info (12134): Parameter "outdata_aclr_a" = "NONE"
    Info (12134): Parameter "outdata_reg_a" = "CLOCK0"
    Info (12134): Parameter "widthad_a" = "5"
    Info (12134): Parameter "width_a" = "32"
    Info (12134): Parameter "width_byteena_a" = "1"
Info (12021): Found 1 design units, including 1 entities, in source file db/altsyncram_2bf1.tdf
    Info (12023): Found entity 1: altsyncram_2bf1 File: C:/Users/grero/OneDrive/Escritorio/taller/JRodriguez-KRuiz-GQuintero-digital-design-lab-2024/ProyectoFinal/db/altsyncram_2bf1.tdf Line: 28
Info (12128): Elaborating entity "altsyncram_2bf1" for hierarchy "instruction_unit:imem|altsyncram:altsyncram_component|altsyncram_2bf1:auto_generated" File: c:/intelfpga_lite/22.1std/quartus/libraries/megafunctions/altsyncram.tdf Line: 792
Info (12128): Elaborating entity "memory_unit" for hierarchy "memory_unit:mmem" File: C:/Users/grero/OneDrive/Escritorio/taller/JRodriguez-KRuiz-GQuintero-digital-design-lab-2024/ProyectoFinal/filtros_clasicos.sv Line: 73
Info (12128): Elaborating entity "altsyncram" for hierarchy "memory_unit:mmem|altsyncram:altsyncram_component" File: C:/Users/grero/OneDrive/Escritorio/taller/JRodriguez-KRuiz-GQuintero-digital-design-lab-2024/ProyectoFinal/memory_unit.v Line: 98
Info (12130): Elaborated megafunction instantiation "memory_unit:mmem|altsyncram:altsyncram_component" File: C:/Users/grero/OneDrive/Escritorio/taller/JRodriguez-KRuiz-GQuintero-digital-design-lab-2024/ProyectoFinal/memory_unit.v Line: 98
Info (12133): Instantiated megafunction "memory_unit:mmem|altsyncram:altsyncram_component" with the following parameter: File: C:/Users/grero/OneDrive/Escritorio/taller/JRodriguez-KRuiz-GQuintero-digital-design-lab-2024/ProyectoFinal/memory_unit.v Line: 98
    Info (12134): Parameter "address_reg_b" = "CLOCK0"
    Info (12134): Parameter "clock_enable_input_a" = "BYPASS"
    Info (12134): Parameter "clock_enable_input_b" = "BYPASS"
    Info (12134): Parameter "clock_enable_output_a" = "BYPASS"
    Info (12134): Parameter "clock_enable_output_b" = "BYPASS"
    Info (12134): Parameter "indata_reg_b" = "CLOCK0"
    Info (12134): Parameter "init_file" = "RAMem.mif"
    Info (12134): Parameter "intended_device_family" = "Cyclone V"
    Info (12134): Parameter "lpm_type" = "altsyncram"
    Info (12134): Parameter "numwords_a" = "1024"
    Info (12134): Parameter "numwords_b" = "1024"
    Info (12134): Parameter "operation_mode" = "BIDIR_DUAL_PORT"
    Info (12134): Parameter "outdata_aclr_a" = "NONE"
    Info (12134): Parameter "outdata_aclr_b" = "NONE"
    Info (12134): Parameter "outdata_reg_a" = "CLOCK0"
    Info (12134): Parameter "outdata_reg_b" = "CLOCK0"
    Info (12134): Parameter "power_up_uninitialized" = "FALSE"
    Info (12134): Parameter "read_during_write_mode_mixed_ports" = "DONT_CARE"
    Info (12134): Parameter "read_during_write_mode_port_a" = "NEW_DATA_NO_NBE_READ"
    Info (12134): Parameter "read_during_write_mode_port_b" = "NEW_DATA_NO_NBE_READ"
    Info (12134): Parameter "widthad_a" = "10"
    Info (12134): Parameter "widthad_b" = "10"
    Info (12134): Parameter "width_a" = "8"
    Info (12134): Parameter "width_b" = "8"
    Info (12134): Parameter "width_byteena_a" = "1"
    Info (12134): Parameter "width_byteena_b" = "1"
    Info (12134): Parameter "wrcontrol_wraddress_reg_b" = "CLOCK0"
Info (12021): Found 1 design units, including 1 entities, in source file db/altsyncram_29o2.tdf
    Info (12023): Found entity 1: altsyncram_29o2 File: C:/Users/grero/OneDrive/Escritorio/taller/JRodriguez-KRuiz-GQuintero-digital-design-lab-2024/ProyectoFinal/db/altsyncram_29o2.tdf Line: 28
Info (12128): Elaborating entity "altsyncram_29o2" for hierarchy "memory_unit:mmem|altsyncram:altsyncram_component|altsyncram_29o2:auto_generated" File: c:/intelfpga_lite/22.1std/quartus/libraries/megafunctions/altsyncram.tdf Line: 792
Warning (12011): Net is missing source, defaulting to GND
    Warning (12110): Net "datapath:dp|ALUResult[31]" is missing source, defaulting to GND File: C:/Users/grero/OneDrive/Escritorio/taller/JRodriguez-KRuiz-GQuintero-digital-design-lab-2024/ProyectoFinal/datapath.sv Line: 15
    Warning (12110): Net "datapath:dp|ALUResult[30]" is missing source, defaulting to GND File: C:/Users/grero/OneDrive/Escritorio/taller/JRodriguez-KRuiz-GQuintero-digital-design-lab-2024/ProyectoFinal/datapath.sv Line: 15
    Warning (12110): Net "datapath:dp|ALUResult[29]" is missing source, defaulting to GND File: C:/Users/grero/OneDrive/Escritorio/taller/JRodriguez-KRuiz-GQuintero-digital-design-lab-2024/ProyectoFinal/datapath.sv Line: 15
    Warning (12110): Net "datapath:dp|ALUResult[28]" is missing source, defaulting to GND File: C:/Users/grero/OneDrive/Escritorio/taller/JRodriguez-KRuiz-GQuintero-digital-design-lab-2024/ProyectoFinal/datapath.sv Line: 15
    Warning (12110): Net "datapath:dp|ALUResult[27]" is missing source, defaulting to GND File: C:/Users/grero/OneDrive/Escritorio/taller/JRodriguez-KRuiz-GQuintero-digital-design-lab-2024/ProyectoFinal/datapath.sv Line: 15
    Warning (12110): Net "datapath:dp|ALUResult[26]" is missing source, defaulting to GND File: C:/Users/grero/OneDrive/Escritorio/taller/JRodriguez-KRuiz-GQuintero-digital-design-lab-2024/ProyectoFinal/datapath.sv Line: 15
    Warning (12110): Net "datapath:dp|ALUResult[25]" is missing source, defaulting to GND File: C:/Users/grero/OneDrive/Escritorio/taller/JRodriguez-KRuiz-GQuintero-digital-design-lab-2024/ProyectoFinal/datapath.sv Line: 15
    Warning (12110): Net "datapath:dp|ALUResult[24]" is missing source, defaulting to GND File: C:/Users/grero/OneDrive/Escritorio/taller/JRodriguez-KRuiz-GQuintero-digital-design-lab-2024/ProyectoFinal/datapath.sv Line: 15
    Warning (12110): Net "datapath:dp|ALUResult[23]" is missing source, defaulting to GND File: C:/Users/grero/OneDrive/Escritorio/taller/JRodriguez-KRuiz-GQuintero-digital-design-lab-2024/ProyectoFinal/datapath.sv Line: 15
    Warning (12110): Net "datapath:dp|ALUResult[22]" is missing source, defaulting to GND File: C:/Users/grero/OneDrive/Escritorio/taller/JRodriguez-KRuiz-GQuintero-digital-design-lab-2024/ProyectoFinal/datapath.sv Line: 15
    Warning (12110): Net "datapath:dp|ALUResult[21]" is missing source, defaulting to GND File: C:/Users/grero/OneDrive/Escritorio/taller/JRodriguez-KRuiz-GQuintero-digital-design-lab-2024/ProyectoFinal/datapath.sv Line: 15
    Warning (12110): Net "datapath:dp|ALUResult[20]" is missing source, defaulting to GND File: C:/Users/grero/OneDrive/Escritorio/taller/JRodriguez-KRuiz-GQuintero-digital-design-lab-2024/ProyectoFinal/datapath.sv Line: 15
    Warning (12110): Net "datapath:dp|ALUResult[19]" is missing source, defaulting to GND File: C:/Users/grero/OneDrive/Escritorio/taller/JRodriguez-KRuiz-GQuintero-digital-design-lab-2024/ProyectoFinal/datapath.sv Line: 15
    Warning (12110): Net "datapath:dp|ALUResult[18]" is missing source, defaulting to GND File: C:/Users/grero/OneDrive/Escritorio/taller/JRodriguez-KRuiz-GQuintero-digital-design-lab-2024/ProyectoFinal/datapath.sv Line: 15
    Warning (12110): Net "datapath:dp|ALUResult[17]" is missing source, defaulting to GND File: C:/Users/grero/OneDrive/Escritorio/taller/JRodriguez-KRuiz-GQuintero-digital-design-lab-2024/ProyectoFinal/datapath.sv Line: 15
    Warning (12110): Net "datapath:dp|ALUResult[16]" is missing source, defaulting to GND File: C:/Users/grero/OneDrive/Escritorio/taller/JRodriguez-KRuiz-GQuintero-digital-design-lab-2024/ProyectoFinal/datapath.sv Line: 15
    Warning (12110): Net "datapath:dp|WriteData[31]" is missing source, defaulting to GND File: C:/Users/grero/OneDrive/Escritorio/taller/JRodriguez-KRuiz-GQuintero-digital-design-lab-2024/ProyectoFinal/datapath.sv Line: 17
    Warning (12110): Net "datapath:dp|WriteData[30]" is missing source, defaulting to GND File: C:/Users/grero/OneDrive/Escritorio/taller/JRodriguez-KRuiz-GQuintero-digital-design-lab-2024/ProyectoFinal/datapath.sv Line: 17
    Warning (12110): Net "datapath:dp|WriteData[29]" is missing source, defaulting to GND File: C:/Users/grero/OneDrive/Escritorio/taller/JRodriguez-KRuiz-GQuintero-digital-design-lab-2024/ProyectoFinal/datapath.sv Line: 17
    Warning (12110): Net "datapath:dp|WriteData[28]" is missing source, defaulting to GND File: C:/Users/grero/OneDrive/Escritorio/taller/JRodriguez-KRuiz-GQuintero-digital-design-lab-2024/ProyectoFinal/datapath.sv Line: 17
    Warning (12110): Net "datapath:dp|WriteData[27]" is missing source, defaulting to GND File: C:/Users/grero/OneDrive/Escritorio/taller/JRodriguez-KRuiz-GQuintero-digital-design-lab-2024/ProyectoFinal/datapath.sv Line: 17
    Warning (12110): Net "datapath:dp|WriteData[26]" is missing source, defaulting to GND File: C:/Users/grero/OneDrive/Escritorio/taller/JRodriguez-KRuiz-GQuintero-digital-design-lab-2024/ProyectoFinal/datapath.sv Line: 17
    Warning (12110): Net "datapath:dp|WriteData[25]" is missing source, defaulting to GND File: C:/Users/grero/OneDrive/Escritorio/taller/JRodriguez-KRuiz-GQuintero-digital-design-lab-2024/ProyectoFinal/datapath.sv Line: 17
    Warning (12110): Net "datapath:dp|WriteData[24]" is missing source, defaulting to GND File: C:/Users/grero/OneDrive/Escritorio/taller/JRodriguez-KRuiz-GQuintero-digital-design-lab-2024/ProyectoFinal/datapath.sv Line: 17
    Warning (12110): Net "datapath:dp|WriteData[23]" is missing source, defaulting to GND File: C:/Users/grero/OneDrive/Escritorio/taller/JRodriguez-KRuiz-GQuintero-digital-design-lab-2024/ProyectoFinal/datapath.sv Line: 17
    Warning (12110): Net "datapath:dp|WriteData[22]" is missing source, defaulting to GND File: C:/Users/grero/OneDrive/Escritorio/taller/JRodriguez-KRuiz-GQuintero-digital-design-lab-2024/ProyectoFinal/datapath.sv Line: 17
    Warning (12110): Net "datapath:dp|WriteData[21]" is missing source, defaulting to GND File: C:/Users/grero/OneDrive/Escritorio/taller/JRodriguez-KRuiz-GQuintero-digital-design-lab-2024/ProyectoFinal/datapath.sv Line: 17
    Warning (12110): Net "datapath:dp|WriteData[20]" is missing source, defaulting to GND File: C:/Users/grero/OneDrive/Escritorio/taller/JRodriguez-KRuiz-GQuintero-digital-design-lab-2024/ProyectoFinal/datapath.sv Line: 17
    Warning (12110): Net "datapath:dp|WriteData[19]" is missing source, defaulting to GND File: C:/Users/grero/OneDrive/Escritorio/taller/JRodriguez-KRuiz-GQuintero-digital-design-lab-2024/ProyectoFinal/datapath.sv Line: 17
    Warning (12110): Net "datapath:dp|WriteData[18]" is missing source, defaulting to GND File: C:/Users/grero/OneDrive/Escritorio/taller/JRodriguez-KRuiz-GQuintero-digital-design-lab-2024/ProyectoFinal/datapath.sv Line: 17
    Warning (12110): Net "datapath:dp|WriteData[17]" is missing source, defaulting to GND File: C:/Users/grero/OneDrive/Escritorio/taller/JRodriguez-KRuiz-GQuintero-digital-design-lab-2024/ProyectoFinal/datapath.sv Line: 17
    Warning (12110): Net "datapath:dp|WriteData[16]" is missing source, defaulting to GND File: C:/Users/grero/OneDrive/Escritorio/taller/JRodriguez-KRuiz-GQuintero-digital-design-lab-2024/ProyectoFinal/datapath.sv Line: 17
    Warning (12110): Net "datapath:dp|SrcA[31]" is missing source, defaulting to GND File: C:/Users/grero/OneDrive/Escritorio/taller/JRodriguez-KRuiz-GQuintero-digital-design-lab-2024/ProyectoFinal/datapath.sv Line: 23
    Warning (12110): Net "datapath:dp|SrcA[30]" is missing source, defaulting to GND File: C:/Users/grero/OneDrive/Escritorio/taller/JRodriguez-KRuiz-GQuintero-digital-design-lab-2024/ProyectoFinal/datapath.sv Line: 23
    Warning (12110): Net "datapath:dp|SrcA[29]" is missing source, defaulting to GND File: C:/Users/grero/OneDrive/Escritorio/taller/JRodriguez-KRuiz-GQuintero-digital-design-lab-2024/ProyectoFinal/datapath.sv Line: 23
    Warning (12110): Net "datapath:dp|SrcA[28]" is missing source, defaulting to GND File: C:/Users/grero/OneDrive/Escritorio/taller/JRodriguez-KRuiz-GQuintero-digital-design-lab-2024/ProyectoFinal/datapath.sv Line: 23
    Warning (12110): Net "datapath:dp|SrcA[27]" is missing source, defaulting to GND File: C:/Users/grero/OneDrive/Escritorio/taller/JRodriguez-KRuiz-GQuintero-digital-design-lab-2024/ProyectoFinal/datapath.sv Line: 23
    Warning (12110): Net "datapath:dp|SrcA[26]" is missing source, defaulting to GND File: C:/Users/grero/OneDrive/Escritorio/taller/JRodriguez-KRuiz-GQuintero-digital-design-lab-2024/ProyectoFinal/datapath.sv Line: 23
    Warning (12110): Net "datapath:dp|SrcA[25]" is missing source, defaulting to GND File: C:/Users/grero/OneDrive/Escritorio/taller/JRodriguez-KRuiz-GQuintero-digital-design-lab-2024/ProyectoFinal/datapath.sv Line: 23
    Warning (12110): Net "datapath:dp|SrcA[24]" is missing source, defaulting to GND File: C:/Users/grero/OneDrive/Escritorio/taller/JRodriguez-KRuiz-GQuintero-digital-design-lab-2024/ProyectoFinal/datapath.sv Line: 23
    Warning (12110): Net "datapath:dp|SrcA[23]" is missing source, defaulting to GND File: C:/Users/grero/OneDrive/Escritorio/taller/JRodriguez-KRuiz-GQuintero-digital-design-lab-2024/ProyectoFinal/datapath.sv Line: 23
    Warning (12110): Net "datapath:dp|SrcA[22]" is missing source, defaulting to GND File: C:/Users/grero/OneDrive/Escritorio/taller/JRodriguez-KRuiz-GQuintero-digital-design-lab-2024/ProyectoFinal/datapath.sv Line: 23
    Warning (12110): Net "datapath:dp|SrcA[21]" is missing source, defaulting to GND File: C:/Users/grero/OneDrive/Escritorio/taller/JRodriguez-KRuiz-GQuintero-digital-design-lab-2024/ProyectoFinal/datapath.sv Line: 23
    Warning (12110): Net "datapath:dp|SrcA[20]" is missing source, defaulting to GND File: C:/Users/grero/OneDrive/Escritorio/taller/JRodriguez-KRuiz-GQuintero-digital-design-lab-2024/ProyectoFinal/datapath.sv Line: 23
    Warning (12110): Net "datapath:dp|SrcA[19]" is missing source, defaulting to GND File: C:/Users/grero/OneDrive/Escritorio/taller/JRodriguez-KRuiz-GQuintero-digital-design-lab-2024/ProyectoFinal/datapath.sv Line: 23
    Warning (12110): Net "datapath:dp|SrcA[18]" is missing source, defaulting to GND File: C:/Users/grero/OneDrive/Escritorio/taller/JRodriguez-KRuiz-GQuintero-digital-design-lab-2024/ProyectoFinal/datapath.sv Line: 23
    Warning (12110): Net "datapath:dp|SrcA[17]" is missing source, defaulting to GND File: C:/Users/grero/OneDrive/Escritorio/taller/JRodriguez-KRuiz-GQuintero-digital-design-lab-2024/ProyectoFinal/datapath.sv Line: 23
    Warning (12110): Net "datapath:dp|SrcA[16]" is missing source, defaulting to GND File: C:/Users/grero/OneDrive/Escritorio/taller/JRodriguez-KRuiz-GQuintero-digital-design-lab-2024/ProyectoFinal/datapath.sv Line: 23
Warning (12011): Net is missing source, defaulting to GND
    Warning (12110): Net "ReadData[31]" is missing source, defaulting to GND File: C:/Users/grero/OneDrive/Escritorio/taller/JRodriguez-KRuiz-GQuintero-digital-design-lab-2024/ProyectoFinal/filtros_clasicos.sv Line: 21
    Warning (12110): Net "ReadData[30]" is missing source, defaulting to GND File: C:/Users/grero/OneDrive/Escritorio/taller/JRodriguez-KRuiz-GQuintero-digital-design-lab-2024/ProyectoFinal/filtros_clasicos.sv Line: 21
    Warning (12110): Net "ReadData[29]" is missing source, defaulting to GND File: C:/Users/grero/OneDrive/Escritorio/taller/JRodriguez-KRuiz-GQuintero-digital-design-lab-2024/ProyectoFinal/filtros_clasicos.sv Line: 21
    Warning (12110): Net "ReadData[28]" is missing source, defaulting to GND File: C:/Users/grero/OneDrive/Escritorio/taller/JRodriguez-KRuiz-GQuintero-digital-design-lab-2024/ProyectoFinal/filtros_clasicos.sv Line: 21
    Warning (12110): Net "ReadData[27]" is missing source, defaulting to GND File: C:/Users/grero/OneDrive/Escritorio/taller/JRodriguez-KRuiz-GQuintero-digital-design-lab-2024/ProyectoFinal/filtros_clasicos.sv Line: 21
    Warning (12110): Net "ReadData[26]" is missing source, defaulting to GND File: C:/Users/grero/OneDrive/Escritorio/taller/JRodriguez-KRuiz-GQuintero-digital-design-lab-2024/ProyectoFinal/filtros_clasicos.sv Line: 21
    Warning (12110): Net "ReadData[25]" is missing source, defaulting to GND File: C:/Users/grero/OneDrive/Escritorio/taller/JRodriguez-KRuiz-GQuintero-digital-design-lab-2024/ProyectoFinal/filtros_clasicos.sv Line: 21
    Warning (12110): Net "ReadData[24]" is missing source, defaulting to GND File: C:/Users/grero/OneDrive/Escritorio/taller/JRodriguez-KRuiz-GQuintero-digital-design-lab-2024/ProyectoFinal/filtros_clasicos.sv Line: 21
    Warning (12110): Net "ReadData[23]" is missing source, defaulting to GND File: C:/Users/grero/OneDrive/Escritorio/taller/JRodriguez-KRuiz-GQuintero-digital-design-lab-2024/ProyectoFinal/filtros_clasicos.sv Line: 21
    Warning (12110): Net "ReadData[22]" is missing source, defaulting to GND File: C:/Users/grero/OneDrive/Escritorio/taller/JRodriguez-KRuiz-GQuintero-digital-design-lab-2024/ProyectoFinal/filtros_clasicos.sv Line: 21
    Warning (12110): Net "ReadData[21]" is missing source, defaulting to GND File: C:/Users/grero/OneDrive/Escritorio/taller/JRodriguez-KRuiz-GQuintero-digital-design-lab-2024/ProyectoFinal/filtros_clasicos.sv Line: 21
    Warning (12110): Net "ReadData[20]" is missing source, defaulting to GND File: C:/Users/grero/OneDrive/Escritorio/taller/JRodriguez-KRuiz-GQuintero-digital-design-lab-2024/ProyectoFinal/filtros_clasicos.sv Line: 21
    Warning (12110): Net "ReadData[19]" is missing source, defaulting to GND File: C:/Users/grero/OneDrive/Escritorio/taller/JRodriguez-KRuiz-GQuintero-digital-design-lab-2024/ProyectoFinal/filtros_clasicos.sv Line: 21
    Warning (12110): Net "ReadData[18]" is missing source, defaulting to GND File: C:/Users/grero/OneDrive/Escritorio/taller/JRodriguez-KRuiz-GQuintero-digital-design-lab-2024/ProyectoFinal/filtros_clasicos.sv Line: 21
    Warning (12110): Net "ReadData[17]" is missing source, defaulting to GND File: C:/Users/grero/OneDrive/Escritorio/taller/JRodriguez-KRuiz-GQuintero-digital-design-lab-2024/ProyectoFinal/filtros_clasicos.sv Line: 21
    Warning (12110): Net "ReadData[16]" is missing source, defaulting to GND File: C:/Users/grero/OneDrive/Escritorio/taller/JRodriguez-KRuiz-GQuintero-digital-design-lab-2024/ProyectoFinal/filtros_clasicos.sv Line: 21
    Warning (12110): Net "ReadData[15]" is missing source, defaulting to GND File: C:/Users/grero/OneDrive/Escritorio/taller/JRodriguez-KRuiz-GQuintero-digital-design-lab-2024/ProyectoFinal/filtros_clasicos.sv Line: 21
    Warning (12110): Net "ReadData[14]" is missing source, defaulting to GND File: C:/Users/grero/OneDrive/Escritorio/taller/JRodriguez-KRuiz-GQuintero-digital-design-lab-2024/ProyectoFinal/filtros_clasicos.sv Line: 21
    Warning (12110): Net "ReadData[13]" is missing source, defaulting to GND File: C:/Users/grero/OneDrive/Escritorio/taller/JRodriguez-KRuiz-GQuintero-digital-design-lab-2024/ProyectoFinal/filtros_clasicos.sv Line: 21
    Warning (12110): Net "ReadData[12]" is missing source, defaulting to GND File: C:/Users/grero/OneDrive/Escritorio/taller/JRodriguez-KRuiz-GQuintero-digital-design-lab-2024/ProyectoFinal/filtros_clasicos.sv Line: 21
    Warning (12110): Net "ReadData[11]" is missing source, defaulting to GND File: C:/Users/grero/OneDrive/Escritorio/taller/JRodriguez-KRuiz-GQuintero-digital-design-lab-2024/ProyectoFinal/filtros_clasicos.sv Line: 21
    Warning (12110): Net "ReadData[10]" is missing source, defaulting to GND File: C:/Users/grero/OneDrive/Escritorio/taller/JRodriguez-KRuiz-GQuintero-digital-design-lab-2024/ProyectoFinal/filtros_clasicos.sv Line: 21
    Warning (12110): Net "ReadData[9]" is missing source, defaulting to GND File: C:/Users/grero/OneDrive/Escritorio/taller/JRodriguez-KRuiz-GQuintero-digital-design-lab-2024/ProyectoFinal/filtros_clasicos.sv Line: 21
    Warning (12110): Net "ReadData[8]" is missing source, defaulting to GND File: C:/Users/grero/OneDrive/Escritorio/taller/JRodriguez-KRuiz-GQuintero-digital-design-lab-2024/ProyectoFinal/filtros_clasicos.sv Line: 21
Warning (12011): Net is missing source, defaulting to GND
    Warning (12110): Net "ReadData[31]" is missing source, defaulting to GND File: C:/Users/grero/OneDrive/Escritorio/taller/JRodriguez-KRuiz-GQuintero-digital-design-lab-2024/ProyectoFinal/filtros_clasicos.sv Line: 21
    Warning (12110): Net "ReadData[30]" is missing source, defaulting to GND File: C:/Users/grero/OneDrive/Escritorio/taller/JRodriguez-KRuiz-GQuintero-digital-design-lab-2024/ProyectoFinal/filtros_clasicos.sv Line: 21
    Warning (12110): Net "ReadData[29]" is missing source, defaulting to GND File: C:/Users/grero/OneDrive/Escritorio/taller/JRodriguez-KRuiz-GQuintero-digital-design-lab-2024/ProyectoFinal/filtros_clasicos.sv Line: 21
    Warning (12110): Net "ReadData[28]" is missing source, defaulting to GND File: C:/Users/grero/OneDrive/Escritorio/taller/JRodriguez-KRuiz-GQuintero-digital-design-lab-2024/ProyectoFinal/filtros_clasicos.sv Line: 21
    Warning (12110): Net "ReadData[27]" is missing source, defaulting to GND File: C:/Users/grero/OneDrive/Escritorio/taller/JRodriguez-KRuiz-GQuintero-digital-design-lab-2024/ProyectoFinal/filtros_clasicos.sv Line: 21
    Warning (12110): Net "ReadData[26]" is missing source, defaulting to GND File: C:/Users/grero/OneDrive/Escritorio/taller/JRodriguez-KRuiz-GQuintero-digital-design-lab-2024/ProyectoFinal/filtros_clasicos.sv Line: 21
    Warning (12110): Net "ReadData[25]" is missing source, defaulting to GND File: C:/Users/grero/OneDrive/Escritorio/taller/JRodriguez-KRuiz-GQuintero-digital-design-lab-2024/ProyectoFinal/filtros_clasicos.sv Line: 21
    Warning (12110): Net "ReadData[24]" is missing source, defaulting to GND File: C:/Users/grero/OneDrive/Escritorio/taller/JRodriguez-KRuiz-GQuintero-digital-design-lab-2024/ProyectoFinal/filtros_clasicos.sv Line: 21
    Warning (12110): Net "ReadData[23]" is missing source, defaulting to GND File: C:/Users/grero/OneDrive/Escritorio/taller/JRodriguez-KRuiz-GQuintero-digital-design-lab-2024/ProyectoFinal/filtros_clasicos.sv Line: 21
    Warning (12110): Net "ReadData[22]" is missing source, defaulting to GND File: C:/Users/grero/OneDrive/Escritorio/taller/JRodriguez-KRuiz-GQuintero-digital-design-lab-2024/ProyectoFinal/filtros_clasicos.sv Line: 21
    Warning (12110): Net "ReadData[21]" is missing source, defaulting to GND File: C:/Users/grero/OneDrive/Escritorio/taller/JRodriguez-KRuiz-GQuintero-digital-design-lab-2024/ProyectoFinal/filtros_clasicos.sv Line: 21
    Warning (12110): Net "ReadData[20]" is missing source, defaulting to GND File: C:/Users/grero/OneDrive/Escritorio/taller/JRodriguez-KRuiz-GQuintero-digital-design-lab-2024/ProyectoFinal/filtros_clasicos.sv Line: 21
    Warning (12110): Net "ReadData[19]" is missing source, defaulting to GND File: C:/Users/grero/OneDrive/Escritorio/taller/JRodriguez-KRuiz-GQuintero-digital-design-lab-2024/ProyectoFinal/filtros_clasicos.sv Line: 21
    Warning (12110): Net "ReadData[18]" is missing source, defaulting to GND File: C:/Users/grero/OneDrive/Escritorio/taller/JRodriguez-KRuiz-GQuintero-digital-design-lab-2024/ProyectoFinal/filtros_clasicos.sv Line: 21
    Warning (12110): Net "ReadData[17]" is missing source, defaulting to GND File: C:/Users/grero/OneDrive/Escritorio/taller/JRodriguez-KRuiz-GQuintero-digital-design-lab-2024/ProyectoFinal/filtros_clasicos.sv Line: 21
    Warning (12110): Net "ReadData[16]" is missing source, defaulting to GND File: C:/Users/grero/OneDrive/Escritorio/taller/JRodriguez-KRuiz-GQuintero-digital-design-lab-2024/ProyectoFinal/filtros_clasicos.sv Line: 21
    Warning (12110): Net "ReadData[15]" is missing source, defaulting to GND File: C:/Users/grero/OneDrive/Escritorio/taller/JRodriguez-KRuiz-GQuintero-digital-design-lab-2024/ProyectoFinal/filtros_clasicos.sv Line: 21
    Warning (12110): Net "ReadData[14]" is missing source, defaulting to GND File: C:/Users/grero/OneDrive/Escritorio/taller/JRodriguez-KRuiz-GQuintero-digital-design-lab-2024/ProyectoFinal/filtros_clasicos.sv Line: 21
    Warning (12110): Net "ReadData[13]" is missing source, defaulting to GND File: C:/Users/grero/OneDrive/Escritorio/taller/JRodriguez-KRuiz-GQuintero-digital-design-lab-2024/ProyectoFinal/filtros_clasicos.sv Line: 21
    Warning (12110): Net "ReadData[12]" is missing source, defaulting to GND File: C:/Users/grero/OneDrive/Escritorio/taller/JRodriguez-KRuiz-GQuintero-digital-design-lab-2024/ProyectoFinal/filtros_clasicos.sv Line: 21
    Warning (12110): Net "ReadData[11]" is missing source, defaulting to GND File: C:/Users/grero/OneDrive/Escritorio/taller/JRodriguez-KRuiz-GQuintero-digital-design-lab-2024/ProyectoFinal/filtros_clasicos.sv Line: 21
    Warning (12110): Net "ReadData[10]" is missing source, defaulting to GND File: C:/Users/grero/OneDrive/Escritorio/taller/JRodriguez-KRuiz-GQuintero-digital-design-lab-2024/ProyectoFinal/filtros_clasicos.sv Line: 21
    Warning (12110): Net "ReadData[9]" is missing source, defaulting to GND File: C:/Users/grero/OneDrive/Escritorio/taller/JRodriguez-KRuiz-GQuintero-digital-design-lab-2024/ProyectoFinal/filtros_clasicos.sv Line: 21
    Warning (12110): Net "ReadData[8]" is missing source, defaulting to GND File: C:/Users/grero/OneDrive/Escritorio/taller/JRodriguez-KRuiz-GQuintero-digital-design-lab-2024/ProyectoFinal/filtros_clasicos.sv Line: 21
Warning (12241): 5 hierarchies have connectivity warnings - see the Connectivity Checks report folder
Info (144001): Generated suppressed messages file C:/Users/grero/OneDrive/Escritorio/taller/JRodriguez-KRuiz-GQuintero-digital-design-lab-2024/ProyectoFinal/output_files/filtros_clasicos.map.smsg
Info: Quartus Prime Analysis & Elaboration was successful. 0 errors, 105 warnings
    Info: Peak virtual memory: 4800 megabytes
    Info: Processing ended: Wed Nov  6 23:21:03 2024
    Info: Elapsed time: 00:00:13
    Info: Total CPU time (on all processors): 00:00:29


+--------------------------------------------+
; Analysis & Elaboration Suppressed Messages ;
+--------------------------------------------+
The suppressed messages can be found in C:/Users/grero/OneDrive/Escritorio/taller/JRodriguez-KRuiz-GQuintero-digital-design-lab-2024/ProyectoFinal/output_files/filtros_clasicos.map.smsg.


